[{"line":1,"elements":[{"start_timestamp":"2023-10-14T12:40:23.548Z","line":15,"name":"Login User with incorrect email and password","description":"","id":"login-functinality;login-user-with-incorrect-email-and-password","type":"scenario","keyword":"Scenario","steps":[{"result":{"duration":3240336300,"status":"passed"},"line":16,"name":"User Launch Browser","match":{"location":"com.StepDefinition.Login_Test.user_launch_browser()"},"keyword":"Given "},{"result":{"duration":4318909200,"status":"passed"},"line":17,"name":"Navigate to  url","match":{"location":"com.StepDefinition.Login_Test.navigate_to_url()"},"keyword":"When "},{"result":{"duration":18987700,"status":"passed"},"line":18,"name":"Verify that Homepage is visible successful validate title as \"Automation Exercise\"","match":{"arguments":[{"val":"\"Automation Exercise\"","offset":61}],"location":"com.StepDefinition.Login_Test.verify_that_homepage_is_visible_successful_validate_title_as(java.lang.String)"},"keyword":"Then "},{"result":{"duration":4048441900,"status":"passed"},"line":19,"name":"Click on Signup / Login button","match":{"location":"com.StepDefinition.Login_Test.click_on_signup_login_button()"},"keyword":"And "},{"result":{"duration":66962700,"status":"passed"},"line":20,"name":"Verify 'Login to your account' is visible","match":{"arguments":[{"val":"'Login to your account'","offset":7}],"location":"com.StepDefinition.Login_Test.verify_is_visible(java.lang.String)"},"keyword":"When "},{"result":{"duration":366790900,"status":"passed"},"line":21,"name":"Enter correct email \"qa@gmail.com\" address and \"q@gmail.com\" password","match":{"arguments":[{"val":"\"qa@gmail.com\"","offset":20},{"val":"\"q@gmail.com\"","offset":47}],"location":"com.StepDefinition.Login_Test.enter_correct_email_address_and_password(java.lang.String,java.lang.String)"},"keyword":"Then "},{"result":{"duration":1967912500,"status":"passed"},"line":22,"name":"Click login button","match":{"location":"com.StepDefinition.Login_Test.click_login_button()"},"keyword":"And "},{"result":{"error_message":"org.openqa.selenium.NoSuchElementException: no such element: Unable to locate element: {\"method\":\"xpath\",\"selector\":\"//b\"}\n  (Session info: chrome=118.0.5993.70)\nFor documentation on this error, please visit: https://www.selenium.dev/documentation/webdriver/troubleshooting/errors#no-such-element-exception\nBuild info: version: '4.13.0', revision: 'ba948ece5b*'\nSystem info: os.name: 'Windows 10', os.arch: 'amd64', os.version: '10.0', java.version: '20.0.1'\nDriver info: org.openqa.selenium.chrome.ChromeDriver\nCommand: [66310b2842d05cf728e7645ab1d2f3d6, findElement {using=xpath, value=//b}]\nCapabilities {acceptInsecureCerts: false, browserName: chrome, browserVersion: 118.0.5993.70, chrome: {chromedriverVersion: 118.0.5993.70 (e52f33f30b91..., userDataDir: C:\\Users\\SHREE-~1\\AppData\\L...}, fedcm:accounts: true, goog:chromeOptions: {debuggerAddress: localhost:61587}, networkConnectionEnabled: false, pageLoadStrategy: normal, platformName: windows, proxy: Proxy(), se:cdp: ws://localhost:61587/devtoo..., se:cdpVersion: 118.0.5993.70, setWindowRect: true, strictFileInteractability: false, timeouts: {implicit: 0, pageLoad: 300000, script: 30000}, unhandledPromptBehavior: dismiss and notify, webauthn:extension:credBlob: true, webauthn:extension:largeBlob: true, webauthn:extension:minPinLength: true, webauthn:extension:prf: true, webauthn:virtualAuthenticators: true}\nSession ID: 66310b2842d05cf728e7645ab1d2f3d6\r\n\tat java.base/jdk.internal.reflect.DirectConstructorHandleAccessor.newInstance(DirectConstructorHandleAccessor.java:67)\r\n\tat java.base/java.lang.reflect.Constructor.newInstanceWithCaller(Constructor.java:500)\r\n\tat java.base/java.lang.reflect.Constructor.newInstance(Constructor.java:484)\r\n\tat org.openqa.selenium.remote.codec.w3c.W3CHttpResponseCodec.createException(W3CHttpResponseCodec.java:200)\r\n\tat org.openqa.selenium.remote.codec.w3c.W3CHttpResponseCodec.decode(W3CHttpResponseCodec.java:133)\r\n\tat org.openqa.selenium.remote.codec.w3c.W3CHttpResponseCodec.decode(W3CHttpResponseCodec.java:52)\r\n\tat org.openqa.selenium.remote.HttpCommandExecutor.execute(HttpCommandExecutor.java:191)\r\n\tat org.openqa.selenium.remote.service.DriverCommandExecutor.invokeExecute(DriverCommandExecutor.java:196)\r\n\tat org.openqa.selenium.remote.service.DriverCommandExecutor.execute(DriverCommandExecutor.java:171)\r\n\tat org.openqa.selenium.remote.RemoteWebDriver.execute(RemoteWebDriver.java:602)\r\n\tat org.openqa.selenium.remote.ElementLocation$ElementFinder$2.findElement(ElementLocation.java:165)\r\n\tat org.openqa.selenium.remote.ElementLocation.findElement(ElementLocation.java:59)\r\n\tat org.openqa.selenium.remote.RemoteWebDriver.findElement(RemoteWebDriver.java:359)\r\n\tat org.openqa.selenium.remote.RemoteWebDriver.findElement(RemoteWebDriver.java:353)\r\n\tat org.openqa.selenium.support.pagefactory.DefaultElementLocator.findElement(DefaultElementLocator.java:68)\r\n\tat org.openqa.selenium.support.pagefactory.internal.LocatingElementHandler.invoke(LocatingElementHandler.java:38)\r\n\tat jdk.proxy2/jdk.proxy2.$Proxy18.isDisplayed(Unknown Source)\r\n\tat com.PageObject.Login_Page.validateText(Login_Page.java:50)\r\n\tat com.StepDefinition.Login_Test.validate_the_logged_in_as_text(Login_Test.java:68)\r\n\tat ✽.Validate the Logged in as text(file:///C:/Users/Shree-Swami/eclipse-workspace/Cucu_Framework2/Features/LoginUserWithValidCredential.feature:23)\r\n","duration":10046741400,"status":"failed"},"line":23,"name":"Validate the Logged in as text","match":{"location":"com.StepDefinition.Login_Test.validate_the_logged_in_as_text()"},"keyword":"And "}],"tags":[{"name":"@TC-02"}]},{"start_timestamp":"2023-10-14T12:40:47.701Z","line":41,"name":"Login User with valid and invalid credential.","description":"","id":"login-functinality;login-user-with-valid-and-invalid-credential.;;5","type":"scenario","keyword":"Scenario Outline","steps":[{"result":{"duration":1355473000,"status":"passed"},"line":27,"name":"User Launch Browser","match":{"location":"com.StepDefinition.Login_Test.user_launch_browser()"},"keyword":"Given "},{"result":{"duration":16839727000,"status":"passed"},"line":28,"name":"Navigate to  url","match":{"location":"com.StepDefinition.Login_Test.navigate_to_url()"},"keyword":"When "},{"result":{"duration":9991000,"status":"passed"},"line":29,"name":"Verify that Homepage is visible successful validate title as \"Automation Exercise\"","match":{"arguments":[{"val":"\"Automation Exercise\"","offset":61}],"location":"com.StepDefinition.Login_Test.verify_that_homepage_is_visible_successful_validate_title_as(java.lang.String)"},"keyword":"Then "},{"result":{"duration":4387438300,"status":"passed"},"line":30,"name":"Click on Signup / Login button","match":{"location":"com.StepDefinition.Login_Test.click_on_signup_login_button()"},"keyword":"And "},{"result":{"duration":43974500,"status":"passed"},"line":31,"name":"Verify 'Login to your account' is visible","match":{"arguments":[{"val":"'Login to your account'","offset":7}],"location":"com.StepDefinition.Login_Test.verify_is_visible(java.lang.String)"},"keyword":"When "},{"result":{"duration":363791700,"status":"passed"},"line":32,"name":"Enter correct email \"qa2@gmail.com\" address and \"qa3@gmail.com\" password","match":{"arguments":[{"val":"\"qa2@gmail.com\"","offset":20},{"val":"\"qa3@gmail.com\"","offset":48}],"location":"com.StepDefinition.Login_Test.enter_correct_email_address_and_password(java.lang.String,java.lang.String)"},"keyword":"Then "},{"result":{"duration":941279300,"status":"passed"},"line":33,"name":"Click login button","match":{"location":"com.StepDefinition.Login_Test.click_login_button()"},"keyword":"And "},{"result":{"error_message":"org.openqa.selenium.NoSuchElementException: no such element: Unable to locate element: {\"method\":\"xpath\",\"selector\":\"//b\"}\n  (Session info: chrome=118.0.5993.70)\nFor documentation on this error, please visit: https://www.selenium.dev/documentation/webdriver/troubleshooting/errors#no-such-element-exception\nBuild info: version: '4.13.0', revision: 'ba948ece5b*'\nSystem info: os.name: 'Windows 10', os.arch: 'amd64', os.version: '10.0', java.version: '20.0.1'\nDriver info: org.openqa.selenium.chrome.ChromeDriver\nCommand: [f17214d45bf32c624d597069cdd8ab82, findElement {using=xpath, value=//b}]\nCapabilities {acceptInsecureCerts: false, browserName: chrome, browserVersion: 118.0.5993.70, chrome: {chromedriverVersion: 118.0.5993.70 (e52f33f30b91..., userDataDir: C:\\Users\\SHREE-~1\\AppData\\L...}, fedcm:accounts: true, goog:chromeOptions: {debuggerAddress: localhost:61619}, networkConnectionEnabled: false, pageLoadStrategy: normal, platformName: windows, proxy: Proxy(), se:cdp: ws://localhost:61619/devtoo..., se:cdpVersion: 118.0.5993.70, setWindowRect: true, strictFileInteractability: false, timeouts: {implicit: 0, pageLoad: 300000, script: 30000}, unhandledPromptBehavior: dismiss and notify, webauthn:extension:credBlob: true, webauthn:extension:largeBlob: true, webauthn:extension:minPinLength: true, webauthn:extension:prf: true, webauthn:virtualAuthenticators: true}\nSession ID: f17214d45bf32c624d597069cdd8ab82\r\n\tat java.base/jdk.internal.reflect.DirectConstructorHandleAccessor.newInstance(DirectConstructorHandleAccessor.java:67)\r\n\tat java.base/java.lang.reflect.Constructor.newInstanceWithCaller(Constructor.java:500)\r\n\tat java.base/java.lang.reflect.Constructor.newInstance(Constructor.java:484)\r\n\tat org.openqa.selenium.remote.codec.w3c.W3CHttpResponseCodec.createException(W3CHttpResponseCodec.java:200)\r\n\tat org.openqa.selenium.remote.codec.w3c.W3CHttpResponseCodec.decode(W3CHttpResponseCodec.java:133)\r\n\tat org.openqa.selenium.remote.codec.w3c.W3CHttpResponseCodec.decode(W3CHttpResponseCodec.java:52)\r\n\tat org.openqa.selenium.remote.HttpCommandExecutor.execute(HttpCommandExecutor.java:191)\r\n\tat org.openqa.selenium.remote.service.DriverCommandExecutor.invokeExecute(DriverCommandExecutor.java:196)\r\n\tat org.openqa.selenium.remote.service.DriverCommandExecutor.execute(DriverCommandExecutor.java:171)\r\n\tat org.openqa.selenium.remote.RemoteWebDriver.execute(RemoteWebDriver.java:602)\r\n\tat org.openqa.selenium.remote.ElementLocation$ElementFinder$2.findElement(ElementLocation.java:165)\r\n\tat org.openqa.selenium.remote.ElementLocation.findElement(ElementLocation.java:59)\r\n\tat org.openqa.selenium.remote.RemoteWebDriver.findElement(RemoteWebDriver.java:359)\r\n\tat org.openqa.selenium.remote.RemoteWebDriver.findElement(RemoteWebDriver.java:353)\r\n\tat org.openqa.selenium.support.pagefactory.DefaultElementLocator.findElement(DefaultElementLocator.java:68)\r\n\tat org.openqa.selenium.support.pagefactory.internal.LocatingElementHandler.invoke(LocatingElementHandler.java:38)\r\n\tat jdk.proxy2/jdk.proxy2.$Proxy18.isDisplayed(Unknown Source)\r\n\tat com.PageObject.Login_Page.validateText(Login_Page.java:50)\r\n\tat com.StepDefinition.Login_Test.validate_the_logged_in_as_text(Login_Test.java:68)\r\n\tat ✽.Validate the Logged in as text(file:///C:/Users/Shree-Swami/eclipse-workspace/Cucu_Framework2/Features/LoginUserWithValidCredential.feature:34)\r\n","duration":10050530000,"status":"failed"},"line":34,"name":"Validate the Logged in as text","match":{"location":"com.StepDefinition.Login_Test.validate_the_logged_in_as_text()"},"keyword":"And "}],"tags":[{"name":"@TC-03"}]},{"start_timestamp":"2023-10-14T12:41:21.710Z","line":42,"name":"Login User with valid and invalid credential.","description":"","id":"login-functinality;login-user-with-valid-and-invalid-credential.;;6","type":"scenario","keyword":"Scenario Outline","steps":[{"result":{"duration":1525256200,"status":"passed"},"line":27,"name":"User Launch Browser","match":{"location":"com.StepDefinition.Login_Test.user_launch_browser()"},"keyword":"Given "},{"result":{"duration":3721273700,"status":"passed"},"line":28,"name":"Navigate to  url","match":{"location":"com.StepDefinition.Login_Test.navigate_to_url()"},"keyword":"When "},{"result":{"duration":14992800,"status":"passed"},"line":29,"name":"Verify that Homepage is visible successful validate title as \"Automation Exercise\"","match":{"arguments":[{"val":"\"Automation Exercise\"","offset":61}],"location":"com.StepDefinition.Login_Test.verify_that_homepage_is_visible_successful_validate_title_as(java.lang.String)"},"keyword":"Then "},{"result":{"duration":4233730200,"status":"passed"},"line":30,"name":"Click on Signup / Login button","match":{"location":"com.StepDefinition.Login_Test.click_on_signup_login_button()"},"keyword":"And "},{"result":{"duration":58966300,"status":"passed"},"line":31,"name":"Verify 'Login to your account' is visible","match":{"arguments":[{"val":"'Login to your account'","offset":7}],"location":"com.StepDefinition.Login_Test.verify_is_visible(java.lang.String)"},"keyword":"When "},{"result":{"duration":381780300,"status":"passed"},"line":32,"name":"Enter correct email \"qa@gmail.com\" address and \"q@gmail.com\" password","match":{"arguments":[{"val":"\"qa@gmail.com\"","offset":20},{"val":"\"q@gmail.com\"","offset":47}],"location":"com.StepDefinition.Login_Test.enter_correct_email_address_and_password(java.lang.String,java.lang.String)"},"keyword":"Then "},{"result":{"duration":995710000,"status":"passed"},"line":33,"name":"Click login button","match":{"location":"com.StepDefinition.Login_Test.click_login_button()"},"keyword":"And "},{"result":{"error_message":"org.openqa.selenium.NoSuchElementException: no such element: Unable to locate element: {\"method\":\"xpath\",\"selector\":\"//b\"}\n  (Session info: chrome=118.0.5993.70)\nFor documentation on this error, please visit: https://www.selenium.dev/documentation/webdriver/troubleshooting/errors#no-such-element-exception\nBuild info: version: '4.13.0', revision: 'ba948ece5b*'\nSystem info: os.name: 'Windows 10', os.arch: 'amd64', os.version: '10.0', java.version: '20.0.1'\nDriver info: org.openqa.selenium.chrome.ChromeDriver\nCommand: [96336b70e38a6bac467151a6f1be8e37, findElement {using=xpath, value=//b}]\nCapabilities {acceptInsecureCerts: false, browserName: chrome, browserVersion: 118.0.5993.70, chrome: {chromedriverVersion: 118.0.5993.70 (e52f33f30b91..., userDataDir: C:\\Users\\SHREE-~1\\AppData\\L...}, fedcm:accounts: true, goog:chromeOptions: {debuggerAddress: localhost:61639}, networkConnectionEnabled: false, pageLoadStrategy: normal, platformName: windows, proxy: Proxy(), se:cdp: ws://localhost:61639/devtoo..., se:cdpVersion: 118.0.5993.70, setWindowRect: true, strictFileInteractability: false, timeouts: {implicit: 0, pageLoad: 300000, script: 30000}, unhandledPromptBehavior: dismiss and notify, webauthn:extension:credBlob: true, webauthn:extension:largeBlob: true, webauthn:extension:minPinLength: true, webauthn:extension:prf: true, webauthn:virtualAuthenticators: true}\nSession ID: 96336b70e38a6bac467151a6f1be8e37\r\n\tat java.base/jdk.internal.reflect.DirectConstructorHandleAccessor.newInstance(DirectConstructorHandleAccessor.java:67)\r\n\tat java.base/java.lang.reflect.Constructor.newInstanceWithCaller(Constructor.java:500)\r\n\tat java.base/java.lang.reflect.Constructor.newInstance(Constructor.java:484)\r\n\tat org.openqa.selenium.remote.codec.w3c.W3CHttpResponseCodec.createException(W3CHttpResponseCodec.java:200)\r\n\tat org.openqa.selenium.remote.codec.w3c.W3CHttpResponseCodec.decode(W3CHttpResponseCodec.java:133)\r\n\tat org.openqa.selenium.remote.codec.w3c.W3CHttpResponseCodec.decode(W3CHttpResponseCodec.java:52)\r\n\tat org.openqa.selenium.remote.HttpCommandExecutor.execute(HttpCommandExecutor.java:191)\r\n\tat org.openqa.selenium.remote.service.DriverCommandExecutor.invokeExecute(DriverCommandExecutor.java:196)\r\n\tat org.openqa.selenium.remote.service.DriverCommandExecutor.execute(DriverCommandExecutor.java:171)\r\n\tat org.openqa.selenium.remote.RemoteWebDriver.execute(RemoteWebDriver.java:602)\r\n\tat org.openqa.selenium.remote.ElementLocation$ElementFinder$2.findElement(ElementLocation.java:165)\r\n\tat org.openqa.selenium.remote.ElementLocation.findElement(ElementLocation.java:59)\r\n\tat org.openqa.selenium.remote.RemoteWebDriver.findElement(RemoteWebDriver.java:359)\r\n\tat org.openqa.selenium.remote.RemoteWebDriver.findElement(RemoteWebDriver.java:353)\r\n\tat org.openqa.selenium.support.pagefactory.DefaultElementLocator.findElement(DefaultElementLocator.java:68)\r\n\tat org.openqa.selenium.support.pagefactory.internal.LocatingElementHandler.invoke(LocatingElementHandler.java:38)\r\n\tat jdk.proxy2/jdk.proxy2.$Proxy18.isDisplayed(Unknown Source)\r\n\tat com.PageObject.Login_Page.validateText(Login_Page.java:50)\r\n\tat com.StepDefinition.Login_Test.validate_the_logged_in_as_text(Login_Test.java:68)\r\n\tat ✽.Validate the Logged in as text(file:///C:/Users/Shree-Swami/eclipse-workspace/Cucu_Framework2/Features/LoginUserWithValidCredential.feature:34)\r\n","duration":10026561300,"status":"failed"},"line":34,"name":"Validate the Logged in as text","match":{"location":"com.StepDefinition.Login_Test.validate_the_logged_in_as_text()"},"keyword":"And "}],"tags":[{"name":"@TC-03"}]}],"name":"Login Functinality","description":"","id":"login-functinality","keyword":"Feature","uri":"file:Features/LoginUserWithValidCredential.feature","tags":[]}]